00:02:22 **** Incremental Build of configuration Debug for project DC_Motor_H_bridge ****
make all 
Building file: ../main.c
Invoking: AVR Compiler
avr-gcc -Wall -g2 -gstabs -O0 -fpack-struct -fshort-enums -ffunction-sections -fdata-sections -std=gnu99 -funsigned-char -funsigned-bitfields -mmcu=atmega32 -DF_CPU=8000000UL -MMD -MP -MF"main.d" -MT"main.o" -c -o "main.o" "../main.c"
In file included from ../main.c:10:
c:/winavr-20100110/lib/gcc/../../avr/include/util/delay.h:90:3: warning: #warning "Compiler optimizations disabled; functions from <util/delay.h> won't work as designed"
Finished building: ../main.c
 
Building target: DC_Motor_H_bridge.elf
Invoking: AVR C Linker
avr-gcc -Wl,-Map,DC_Motor_H_bridge.map -mmcu=atmega32 -o "DC_Motor_H_bridge.elf"  ./DIO.o ./main.o   
Finished building target: DC_Motor_H_bridge.elf
 
Invoking: AVR Create Extended Listing
avr-objdump -h -S DC_Motor_H_bridge.elf  >"DC_Motor_H_bridge.lss"
Finished building: DC_Motor_H_bridge.lss
 
Create Flash image (ihex format)
avr-objcopy -R .eeprom -R .fuse -R .lock -R .signature -O ihex DC_Motor_H_bridge.elf  "DC_Motor_H_bridge.hex"
Finished building: DC_Motor_H_bridge.hex
 
Invoking: Print Size
avr-size --format=avr --mcu=atmega32 DC_Motor_H_bridge.elf
AVR Memory Usage
----------------
Device: atmega32

Program:    5172 bytes (15.8% Full)
(.text + .data + .bootloader)

Data:          8 bytes (0.4% Full)
(.data + .bss + .noinit)


Finished building: sizedummy
 
Invoking: AVRDude
C:\WinAVR-20100110\bin\avrdude -pm32 -cusbasp -Uflash:w:DC_Motor_H_bridge.hex:a

avrdude: warning: cannot set sck period. please check for usbasp firmware update.
avrdude: AVR device initialized and ready to accept instructions

Reading | ################################################## | 100% 0.01s

avrdude: Device signature = 0x1e9502
avrdude: NOTE: FLASH memory has been specified, an erase cycle will be performed
         To disable this feature, specify the -D option.
avrdude: erasing chip
avrdude: warning: cannot set sck period. please check for usbasp firmware update.
avrdude: reading input file "DC_Motor_H_bridge.hex"
avrdude: input file DC_Motor_H_bridge.hex auto detected as Intel Hex
avrdude: writing flash (5172 bytes):

Writing | ################################################## | 100% 3.18s

avrdude: 5172 bytes of flash written
avrdude: verifying flash memory against DC_Motor_H_bridge.hex:
avrdude: load data flash data from input file DC_Motor_H_bridge.hex:
avrdude: input file DC_Motor_H_bridge.hex auto detected as Intel Hex
avrdude: input file DC_Motor_H_bridge.hex contains 5172 bytes
avrdude: reading on-chip flash data:

Reading | ################################################## | 100% 2.64s

avrdude: verifying ...
avrdude: 5172 bytes of flash verified

avrdude done.  Thank you.

Finished building: avrdudedummy
 

00:02:29 Build Finished (took 6s.972ms)

