11:51:40 **** Incremental Build of configuration Debug for project DC_Motor ****
make all 
Invoking: Print Size
avr-size --format=avr --mcu=atmega32 DC_Motor.elf
AVR Memory Usage
----------------
Device: atmega32

Program:    5404 bytes (16.5% Full)
(.text + .data + .bootloader)

Data:          8 bytes (0.4% Full)
(.data + .bss + .noinit)


Finished building: sizedummy
 
Invoking: AVRDude
C:\WinAVR-20100110\bin\avrdude -pm32 -cusbasp -Uflash:w:DC_Motor.hex:a

avrdude: warning: cannot set sck period. please check for usbasp firmware update.
avrdude: AVR device initialized and ready to accept instructions

Reading | ################################################## | 100% 0.00s

avrdude: Device signature = 0x1e9502
avrdude: NOTE: FLASH memory has been specified, an erase cycle will be performed
         To disable this feature, specify the -D option.
avrdude: erasing chip
avrdude: warning: cannot set sck period. please check for usbasp firmware update.
avrdude: reading input file "DC_Motor.hex"
avrdude: input file DC_Motor.hex auto detected as Intel Hex
avrdude: writing flash (5404 bytes):

Writing | ################################################## | 100% 3.59s

avrdude: 5404 bytes of flash written
avrdude: verifying flash memory against DC_Motor.hex:
avrdude: load data flash data from input file DC_Motor.hex:
avrdude: input file DC_Motor.hex auto detected as Intel Hex
avrdude: input file DC_Motor.hex contains 5404 bytes
avrdude: reading on-chip flash data:

Reading | ################################################## | 100% 3.02s

avrdude: verifying ...
avrdude: 5404 bytes of flash verified

avrdude done.  Thank you.

Finished building: avrdudedummy
 

11:51:47 Build Finished (took 7s.191ms)

