14:32:17 **** Incremental Build of configuration Debug for project DC_MOTOR_DRIVER ****
make all 
Invoking: Print Size
avr-size --format=avr --mcu=atmega32 DC_MOTOR_DRIVER.elf
AVR Memory Usage
----------------
Device: atmega32

Program:    5868 bytes (17.9% Full)
(.text + .data + .bootloader)

Data:          8 bytes (0.4% Full)
(.data + .bss + .noinit)


Finished building: sizedummy
 
Invoking: AVRDude
C:\WinAVR-20100110\bin\avrdude -pm32 -cusbasp -Uflash:w:DC_MOTOR_DRIVER.hex:a

avrdude: warning: cannot set sck period. please check for usbasp firmware update.
avrdude: AVR device initialized and ready to accept instructions

Reading | ################################################## | 100% 0.00s

avrdude: Device signature = 0x1e9502
avrdude: NOTE: FLASH memory has been specified, an erase cycle will be performed
         To disable this feature, specify the -D option.
avrdude: erasing chip
avrdude: warning: cannot set sck period. please check for usbasp firmware update.
avrdude: reading input file "DC_MOTOR_DRIVER.hex"
avrdude: input file DC_MOTOR_DRIVER.hex auto detected as Intel Hex
avrdude: writing flash (5868 bytes):

Writing | ################################################## | 100% 3.91s

avrdude: 5868 bytes of flash written
avrdude: verifying flash memory against DC_MOTOR_DRIVER.hex:
avrdude: load data flash data from input file DC_MOTOR_DRIVER.hex:
avrdude: input file DC_MOTOR_DRIVER.hex auto detected as Intel Hex
avrdude: input file DC_MOTOR_DRIVER.hex contains 5868 bytes
avrdude: reading on-chip flash data:

Reading | ################################################## | 100% 3.21s

avrdude: verifying ...
avrdude: 5868 bytes of flash verified

avrdude done.  Thank you.

Finished building: avrdudedummy
 

14:32:25 Build Finished (took 7s.758ms)

