11:14:02 **** Incremental Build of configuration Debug for project Delay_timer_function ****
make all 
Building file: ../main.c
Invoking: AVR Compiler
avr-gcc -Wall -g2 -gstabs -O0 -fpack-struct -fshort-enums -ffunction-sections -fdata-sections -std=gnu99 -funsigned-char -funsigned-bitfields -mmcu=atmega32 -DF_CPU=8000000UL -MMD -MP -MF"main.d" -MT"main.o" -c -o "main.o" "../main.c"
In file included from ../main.c:11:
c:/winavr-20100110/lib/gcc/../../avr/include/util/delay.h:90:3: warning: #warning "Compiler optimizations disabled; functions from <util/delay.h> won't work as designed"
In file included from ../main.c:12:
c:/winavr-20100110/lib/gcc/../../avr/include/avr/delay.h:36:2: warning: #warning "This file has been moved to <util/delay.h>."
Finished building: ../main.c
 
Building target: Delay_timer_function.elf
Invoking: AVR C Linker
avr-gcc -Wl,-Map,Delay_timer_function.map -mmcu=atmega32 -o "Delay_timer_function.elf"  ./Delay_pro.o ./Dio.o ./main.o   
Finished building target: Delay_timer_function.elf
 
Invoking: AVR Create Extended Listing
avr-objdump -h -S Delay_timer_function.elf  >"Delay_timer_function.lss"
Finished building: Delay_timer_function.lss
 
Create Flash image (ihex format)
avr-objcopy -R .eeprom -R .fuse -R .lock -R .signature -O ihex Delay_timer_function.elf  "Delay_timer_function.hex"
Finished building: Delay_timer_function.hex
 
Invoking: Print Size
avr-size --format=avr --mcu=atmega32 Delay_timer_function.elf
AVR Memory Usage
----------------
Device: atmega32

Program:    2184 bytes (6.7% Full)
(.text + .data + .bootloader)

Data:         11 bytes (0.5% Full)
(.data + .bss + .noinit)


Finished building: sizedummy
 
Invoking: AVRDude
C:\WinAVR-20100110\bin\avrdude -pm32 -cusbasp -Uflash:w:Delay_timer_function.hex:a

avrdude: warning: cannot set sck period. please check for usbasp firmware update.
avrdude: AVR device initialized and ready to accept instructions

Reading | ################################################## | 100% 0.00s

avrdude: Device signature = 0x1e9502
avrdude: NOTE: FLASH memory has been specified, an erase cycle will be performed
         To disable this feature, specify the -D option.
avrdude: erasing chip
avrdude: warning: cannot set sck period. please check for usbasp firmware update.
avrdude: reading input file "Delay_timer_function.hex"
avrdude: input file Delay_timer_function.hex auto detected as Intel Hex
avrdude: writing flash (2184 bytes):

Writing | ################################################## | 100% 1.48s

avrdude: 2184 bytes of flash written
avrdude: verifying flash memory against Delay_timer_function.hex:
avrdude: load data flash data from input file Delay_timer_function.hex:
avrdude: input file Delay_timer_function.hex auto detected as Intel Hex
avrdude: input file Delay_timer_function.hex contains 2184 bytes
avrdude: reading on-chip flash data:

Reading | ################################################## | 100% 1.28s

avrdude: verifying ...
avrdude: 2184 bytes of flash verified

avrdude done.  Thank you.

Finished building: avrdudedummy
 

11:14:06 Build Finished (took 4s.10ms)

