14:25:37 **** Incremental Build of configuration Debug for project genrate_signal ****
make all 
Building file: ../Main.c
Invoking: AVR Compiler
avr-gcc -Wall -g2 -gstabs -O0 -fpack-struct -fshort-enums -ffunction-sections -fdata-sections -std=gnu99 -funsigned-char -funsigned-bitfields -mmcu=atmega32 -DF_CPU=8000000UL -MMD -MP -MF"Main.d" -MT"Main.o" -c -o "Main.o" "../Main.c"
In file included from ../Main.c:11:
c:/winavr-20100110/lib/gcc/../../avr/include/avr/delay.h:36:2: warning: #warning "This file has been moved to <util/delay.h>."
In file included from c:/winavr-20100110/lib/gcc/../../avr/include/avr/delay.h:37,
                 from ../Main.c:11:
c:/winavr-20100110/lib/gcc/../../avr/include/util/delay.h:90:3: warning: #warning "Compiler optimizations disabled; functions from <util/delay.h> won't work as designed"
Finished building: ../Main.c
 
Building target: genrate_signal.elf
Invoking: AVR C Linker
avr-gcc -Wl,-Map,genrate_signal.map -mmcu=atmega32 -o "genrate_signal.elf"  ./Dio.o ./Main.o   
Finished building target: genrate_signal.elf
 
Invoking: AVR Create Extended Listing
avr-objdump -h -S genrate_signal.elf  >"genrate_signal.lss"
Finished building: genrate_signal.lss
 
Create Flash image (ihex format)
avr-objcopy -R .eeprom -R .fuse -R .lock -R .signature -O ihex genrate_signal.elf  "genrate_signal.hex"
Finished building: genrate_signal.hex
 
Invoking: Print Size
avr-size --format=avr --mcu=atmega32 genrate_signal.elf
AVR Memory Usage
----------------
Device: atmega32

Program:    5112 bytes (15.6% Full)
(.text + .data + .bootloader)

Data:          8 bytes (0.4% Full)
(.data + .bss + .noinit)


Finished building: sizedummy
 
Invoking: AVRDude
C:\WinAVR-20100110\bin\avrdude -pm32 -cusbasp -Uflash:w:genrate_signal.hex:a

avrdude: warning: cannot set sck period. please check for usbasp firmware update.
avrdude: AVR device initialized and ready to accept instructions

Reading | ################################################## | 100% 0.00s

avrdude: Device signature = 0x1e9502
avrdude: NOTE: FLASH memory has been specified, an erase cycle will be performed
         To disable this feature, specify the -D option.
avrdude: erasing chip
avrdude: warning: cannot set sck period. please check for usbasp firmware update.
avrdude: reading input file "genrate_signal.hex"
avrdude: input file genrate_signal.hex auto detected as Intel Hex
avrdude: writing flash (5112 bytes):

Writing | ################################################## | 100% 3.40s

avrdude: 5112 bytes of flash written
avrdude: verifying flash memory against genrate_signal.hex:
avrdude: load data flash data from input file genrate_signal.hex:
avrdude: input file genrate_signal.hex auto detected as Intel Hex
avrdude: input file genrate_signal.hex contains 5112 bytes
avrdude: reading on-chip flash data:

Reading | ################################################## | 100% 2.85s

avrdude: verifying ...
avrdude: 5112 bytes of flash verified

avrdude done.  Thank you.

Finished building: avrdudedummy
 

14:25:44 Build Finished (took 7s.488ms)

