12:28:04 **** Incremental Build of configuration Debug for project get ****
make all 
Invoking: Print Size
avr-size --format=avr --mcu=atmega32 get.elf
AVR Memory Usage
----------------
Device: atmega32

Program:    3568 bytes (10.9% Full)
(.text + .data + .bootloader)

Data:          8 bytes (0.4% Full)
(.data + .bss + .noinit)


Finished building: sizedummy
 
Invoking: AVRDude
C:\WinAVR-20100110\bin\avrdude -pm32 -cusbasp -Uflash:w:get.hex:a

avrdude: warning: cannot set sck period. please check for usbasp firmware update.
avrdude: AVR device initialized and ready to accept instructions

Reading | ################################################## | 100% 0.01s

avrdude: Device signature = 0x1e9502
avrdude: NOTE: FLASH memory has been specified, an erase cycle will be performed
         To disable this feature, specify the -D option.
avrdude: erasing chip
avrdude: warning: cannot set sck period. please check for usbasp firmware update.
avrdude: reading input file "get.hex"
avrdude: input file get.hex auto detected as Intel Hex
avrdude: writing flash (3568 bytes):

Writing | ################################################## | 100% 2.23s

avrdude: 3568 bytes of flash written
avrdude: verifying flash memory against get.hex:
avrdude: load data flash data from input file get.hex:
avrdude: input file get.hex auto detected as Intel Hex
avrdude: input file get.hex contains 3568 bytes
avrdude: reading on-chip flash data:

Reading | ################################################## | 100% 1.82s

avrdude: verifying ...
avrdude: 3568 bytes of flash verified

avrdude done.  Thank you.

Finished building: avrdudedummy
 

12:28:09 Build Finished (took 4s.653ms)

