23:11:36 **** Incremental Build of configuration Debug for project Key_PAD_Driver ****
make all 
Building file: ../Main.c
Invoking: AVR Compiler
avr-gcc -Wall -g2 -gstabs -O0 -fpack-struct -fshort-enums -ffunction-sections -fdata-sections -std=gnu99 -funsigned-char -funsigned-bitfields -mmcu=atmega32 -DF_CPU=8000000UL -MMD -MP -MF"Main.d" -MT"Main.o" -c -o "Main.o" "../Main.c"
In file included from ../Main.c:13:
c:/winavr-20100110/lib/gcc/../../avr/include/util/delay.h:90:3: warning: #warning "Compiler optimizations disabled; functions from <util/delay.h> won't work as designed"
../Main.c:14:1: warning: "F_CPU" redefined
<command-line>: warning: this is the location of the previous definition
Finished building: ../Main.c
 
Building target: Key_PAD_Driver.elf
Invoking: AVR C Linker
avr-gcc -Wl,-Map,Key_PAD_Driver.map -mmcu=atmega32 -o "Key_PAD_Driver.elf"  ./Dio.o ./LCD.o ./Main.o ./key_Pad_Driver.o   
Finished building target: Key_PAD_Driver.elf
 
Invoking: AVR Create Extended Listing
avr-objdump -h -S Key_PAD_Driver.elf  >"Key_PAD_Driver.lss"
Finished building: Key_PAD_Driver.lss
 
Create Flash image (ihex format)
avr-objcopy -R .eeprom -R .fuse -R .lock -R .signature -O ihex Key_PAD_Driver.elf  "Key_PAD_Driver.hex"
Finished building: Key_PAD_Driver.hex
 
Invoking: Print Size
avr-size --format=avr --mcu=atmega32 Key_PAD_Driver.elf
AVR Memory Usage
----------------
Device: atmega32

Program:    7684 bytes (23.4% Full)
(.text + .data + .bootloader)

Data:         24 bytes (1.2% Full)
(.data + .bss + .noinit)


Finished building: sizedummy
 
Invoking: AVRDude
C:\WinAVR-20100110\bin\avrdude -pm32 -cusbasp -Uflash:w:Key_PAD_Driver.hex:a

avrdude: warning: cannot set sck period. please check for usbasp firmware update.
avrdude: AVR device initialized and ready to accept instructions

Reading | ################################################## | 100% 0.00s

avrdude: Device signature = 0x1e9502
avrdude: NOTE: FLASH memory has been specified, an erase cycle will be performed
         To disable this feature, specify the -D option.
avrdude: erasing chip
avrdude: warning: cannot set sck period. please check for usbasp firmware update.
avrdude: reading input file "Key_PAD_Driver.hex"
avrdude: input file Key_PAD_Driver.hex auto detected as Intel Hex
avrdude: writing flash (7684 bytes):

Writing | ################################################## | 100% 5.19s

avrdude: 7684 bytes of flash written
avrdude: verifying flash memory against Key_PAD_Driver.hex:
avrdude: load data flash data from input file Key_PAD_Driver.hex:
avrdude: input file Key_PAD_Driver.hex auto detected as Intel Hex
avrdude: input file Key_PAD_Driver.hex contains 7684 bytes
avrdude: reading on-chip flash data:

Reading | ################################################## | 100% 4.29s

avrdude: verifying ...
avrdude: 7684 bytes of flash verified

avrdude done.  Thank you.

Finished building: avrdudedummy
 

23:11:47 Build Finished (took 10s.763ms)

