23:28:25 **** Incremental Build of configuration Debug for project LCD_DRIVER ****
make all 
Building file: ../LCD_pro.c
Invoking: AVR Compiler
avr-gcc -Wall -g2 -gstabs -O0 -fpack-struct -fshort-enums -ffunction-sections -fdata-sections -std=gnu99 -funsigned-char -funsigned-bitfields -mmcu=atmega32 -DF_CPU=8000000UL -MMD -MP -MF"LCD_pro.d" -MT"LCD_pro.o" -c -o "LCD_pro.o" "../LCD_pro.c"
In file included from ../LCD_pro.c:10:
c:/winavr-20100110/lib/gcc/../../avr/include/util/delay.h:90:3: warning: #warning "Compiler optimizations disabled; functions from <util/delay.h> won't work as designed"
Finished building: ../LCD_pro.c
 
Building file: ../main.c
Invoking: AVR Compiler
avr-gcc -Wall -g2 -gstabs -O0 -fpack-struct -fshort-enums -ffunction-sections -fdata-sections -std=gnu99 -funsigned-char -funsigned-bitfields -mmcu=atmega32 -DF_CPU=8000000UL -MMD -MP -MF"main.d" -MT"main.o" -c -o "main.o" "../main.c"
In file included from ../main.c:12:
c:/winavr-20100110/lib/gcc/../../avr/include/util/delay.h:90:3: warning: #warning "Compiler optimizations disabled; functions from <util/delay.h> won't work as designed"
Finished building: ../main.c
 
Building target: LCD_DRIVER.elf
Invoking: AVR C Linker
avr-gcc -Wl,-Map,LCD_DRIVER.map -mmcu=atmega32 -o "LCD_DRIVER.elf"  ./Dio.o ./LCD_pro.o ./main.o   
Finished building target: LCD_DRIVER.elf
 
Invoking: AVR Create Extended Listing
avr-objdump -h -S LCD_DRIVER.elf  >"LCD_DRIVER.lss"
Finished building: LCD_DRIVER.lss
 
Create Flash image (ihex format)
avr-objcopy -R .eeprom -R .fuse -R .lock -R .signature -O ihex LCD_DRIVER.elf  "LCD_DRIVER.hex"
Finished building: LCD_DRIVER.hex
 
Invoking: Print Size
avr-size --format=avr --mcu=atmega32 LCD_DRIVER.elf
AVR Memory Usage
----------------
Device: atmega32

Program:    7424 bytes (22.7% Full)
(.text + .data + .bootloader)

Data:         14 bytes (0.7% Full)
(.data + .bss + .noinit)


Finished building: sizedummy
 
Invoking: AVRDude
C:\WinAVR-20100110\bin\avrdude -pm32 -cusbasp -Uflash:w:LCD_DRIVER.hex:a
avrdude: error: could not find USB device "USBasp" with vid=0x16c0 pid=0x5dc
make: *** [avrdudedummy] Error 1

23:28:26 Build Finished (took 1s.125ms)

