23:21:05 **** Incremental Build of configuration Debug for project light_intensity ****
make all 
Invoking: Print Size
avr-size --format=avr --mcu=atmega32 light_intensity.elf
AVR Memory Usage
----------------
Device: atmega32

Program:    4898 bytes (14.9% Full)
(.text + .data + .bootloader)

Data:          8 bytes (0.4% Full)
(.data + .bss + .noinit)


Finished building: sizedummy
 
Invoking: AVRDude
C:\WinAVR-20100110\bin\avrdude -pm32 -cusbasp -Uflash:w:light_intensity.hex:a

avrdude: warning: cannot set sck period. please check for usbasp firmware update.
avrdude: AVR device initialized and ready to accept instructions

Reading | ################################################## | 100% 0.00s

avrdude: Device signature = 0x1e9502
avrdude: NOTE: FLASH memory has been specified, an erase cycle will be performed
         To disable this feature, specify the -D option.
avrdude: erasing chip
avrdude: warning: cannot set sck period. please check for usbasp firmware update.
avrdude: reading input file "light_intensity.hex"
avrdude: input file light_intensity.hex auto detected as Intel Hex
avrdude: writing flash (4898 bytes):

Writing | ################################################## | 100% 3.27s

avrdude: 4898 bytes of flash written
avrdude: verifying flash memory against light_intensity.hex:
avrdude: load data flash data from input file light_intensity.hex:
avrdude: input file light_intensity.hex auto detected as Intel Hex
avrdude: input file light_intensity.hex contains 4898 bytes
avrdude: reading on-chip flash data:

Reading | ################################################## | 100% 2.71s

avrdude: verifying ...
avrdude: 4898 bytes of flash verified

avrdude done.  Thank you.

Finished building: avrdudedummy
 

23:21:11 Build Finished (took 6s.596ms)

