18:14:33 **** Incremental Build of configuration Debug for project Light_con ****
make all 
Building file: ../key_PAD_pro.c
Invoking: AVR Compiler
avr-gcc -Wall -g2 -gstabs -O0 -fpack-struct -fshort-enums -ffunction-sections -fdata-sections -std=gnu99 -funsigned-char -funsigned-bitfields -mmcu=atmega32 -DF_CPU=8000000UL -MMD -MP -MF"key_PAD_pro.d" -MT"key_PAD_pro.o" -c -o "key_PAD_pro.o" "../key_PAD_pro.c"
Finished building: ../key_PAD_pro.c
 
Building target: Light_con.elf
Invoking: AVR C Linker
avr-gcc -Wl,-Map,Light_con.map -mmcu=atmega32 -o "Light_con.elf"  ./Dio.o ./LCD_pro.o ./key_PAD_pro.o ./main.o   
Finished building target: Light_con.elf
 
Invoking: AVR Create Extended Listing
avr-objdump -h -S Light_con.elf  >"Light_con.lss"
Finished building: Light_con.lss
 
Create Flash image (ihex format)
avr-objcopy -R .eeprom -R .fuse -R .lock -R .signature -O ihex Light_con.elf  "Light_con.hex"
Finished building: Light_con.hex
 
Invoking: Print Size
avr-size --format=avr --mcu=atmega32 Light_con.elf
AVR Memory Usage
----------------
Device: atmega32

Program:    9088 bytes (27.7% Full)
(.text + .data + .bootloader)

Data:         26 bytes (1.3% Full)
(.data + .bss + .noinit)


Finished building: sizedummy
 
Invoking: AVRDude
C:\WinAVR-20100110\bin\avrdude -pm32 -cusbasp -Uflash:w:Light_con.hex:a

avrdude: warning: cannot set sck period. please check for usbasp firmware update.
avrdude: AVR device initialized and ready to accept instructions

Reading | ################################################## | 100% 0.00s

avrdude: Device signature = 0x1e9502
avrdude: NOTE: FLASH memory has been specified, an erase cycle will be performed
         To disable this feature, specify the -D option.
avrdude: erasing chip
avrdude: warning: cannot set sck period. please check for usbasp firmware update.
avrdude: reading input file "Light_con.hex"
avrdude: input file Light_con.hex auto detected as Intel Hex
avrdude: writing flash (9088 bytes):

Writing | ################################################## | 100% 6.01s

avrdude: 9088 bytes of flash written
avrdude: verifying flash memory against Light_con.hex:
avrdude: load data flash data from input file Light_con.hex:
avrdude: input file Light_con.hex auto detected as Intel Hex
avrdude: input file Light_con.hex contains 9088 bytes
avrdude: reading on-chip flash data:

Reading | ################################################## | 100% 5.31s

avrdude: verifying ...
avrdude: 9088 bytes of flash verified

avrdude done.  Thank you.

Finished building: avrdudedummy
 

18:14:46 Build Finished (took 12s.791ms)

