02:03:28 **** Incremental Build of configuration Debug for project Password ****
make all 
Building file: ../Main.c
Invoking: AVR Compiler
avr-gcc -Wall -g2 -gstabs -O0 -fpack-struct -fshort-enums -ffunction-sections -fdata-sections -std=gnu99 -funsigned-char -funsigned-bitfields -mmcu=atmega32 -DF_CPU=8000000UL -MMD -MP -MF"Main.d" -MT"Main.o" -c -o "Main.o" "../Main.c"
In file included from ../Main.c:12:
c:/winavr-20100110/lib/gcc/../../avr/include/avr/delay.h:36:2: warning: #warning "This file has been moved to <util/delay.h>."
In file included from c:/winavr-20100110/lib/gcc/../../avr/include/avr/delay.h:37,
                 from ../Main.c:12:
c:/winavr-20100110/lib/gcc/../../avr/include/util/delay.h:90:3: warning: #warning "Compiler optimizations disabled; functions from <util/delay.h> won't work as designed"
../Main.c: In function 'main':
../Main.c:50: warning: unused variable 'Confirmation'
../Main.c:49: warning: unused variable 'compare2'
../Main.c:47: warning: unused variable 'EEPROM_Receivedata'
../Main.c:42: warning: unused variable 'EEPROM_ID'
../Main.c:41: warning: unused variable 'EEPROM_PASSWORD'
../Main.c:37: warning: unused variable 'R'
../Main.c:36: warning: unused variable 'W'
../Main.c:29: warning: unused variable 'block_flag'
Finished building: ../Main.c
 
Building target: Password.elf
Invoking: AVR C Linker
avr-gcc -Wl,-Map,Password.map -mmcu=atmega32 -o "Password.elf"  ./Dio.o ./EEPROM_Pro.o ./LCD_pro.o ./Main.o ./TWI_Pro.o ./key_PAD_pro.o   
Finished building target: Password.elf
 
Invoking: AVR Create Extended Listing
avr-objdump -h -S Password.elf  >"Password.lss"
Finished building: Password.lss
 
Create Flash image (ihex format)
avr-objcopy -R .eeprom -R .fuse -R .lock -R .signature -O ihex Password.elf  "Password.hex"
Finished building: Password.hex
 
Invoking: Print Size
avr-size --format=avr --mcu=atmega32 Password.elf
AVR Memory Usage
----------------
Device: atmega32

Program:   12070 bytes (36.8% Full)
(.text + .data + .bootloader)

Data:         74 bytes (3.6% Full)
(.data + .bss + .noinit)


Finished building: sizedummy
 
Invoking: AVRDude
C:\WinAVR-20100110\bin\avrdude -pm32 -cusbasp -Uflash:w:Password.hex:a

avrdude: warning: cannot set sck period. please check for usbasp firmware update.
avrdude: AVR device initialized and ready to accept instructions

Reading | ################################################## | 100% 0.01s

avrdude: Device signature = 0x1e9502
avrdude: NOTE: FLASH memory has been specified, an erase cycle will be performed
         To disable this feature, specify the -D option.
avrdude: erasing chip
avrdude: warning: cannot set sck period. please check for usbasp firmware update.
avrdude: reading input file "Password.hex"
avrdude: input file Password.hex auto detected as Intel Hex
avrdude: writing flash (12070 bytes):

Writing | ################################################## | 100% 8.03s

avrdude: 12070 bytes of flash written
avrdude: verifying flash memory against Password.hex:
avrdude: load data flash data from input file Password.hex:
avrdude: input file Password.hex auto detected as Intel Hex
avrdude: input file Password.hex contains 12070 bytes
avrdude: reading on-chip flash data:

Reading | ################################################## | 100% 6.73s

avrdude: verifying ...
avrdude: 12070 bytes of flash verified

avrdude done.  Thank you.

Finished building: avrdudedummy
 

02:03:45 Build Finished (took 16s.88ms)

