23:57:52 **** Incremental Build of configuration Debug for project revised_led ****
make all 
Building file: ../main.c
Invoking: AVR Compiler
avr-gcc -Wall -g2 -gstabs -O0 -fpack-struct -fshort-enums -ffunction-sections -fdata-sections -std=gnu99 -funsigned-char -funsigned-bitfields -mmcu=atmega32 -DF_CPU=8000000UL -MMD -MP -MF"main.d" -MT"main.o" -c -o "main.o" "../main.c"
In file included from ../main.c:8:
c:/winavr-20100110/lib/gcc/../../avr/include/util/delay.h:90:3: warning: #warning "Compiler optimizations disabled; functions from <util/delay.h> won't work as designed"
Finished building: ../main.c
 
Building target: revised_led.elf
Invoking: AVR C Linker
avr-gcc -Wl,-Map,revised_led.map -mmcu=atmega32 -o "revised_led.elf"  ./main.o   
Finished building target: revised_led.elf
 
Invoking: AVR Create Extended Listing
avr-objdump -h -S revised_led.elf  >"revised_led.lss"
Finished building: revised_led.lss
 
Create Flash image (ihex format)
avr-objcopy -R .eeprom -R .fuse -R .lock -R .signature -O ihex revised_led.elf  "revised_led.hex"
Finished building: revised_led.hex
 
Invoking: Print Size
avr-size --format=avr --mcu=atmega32 revised_led.elf
AVR Memory Usage
----------------
Device: atmega32

Program:    4382 bytes (13.4% Full)
(.text + .data + .bootloader)

Data:          8 bytes (0.4% Full)
(.data + .bss + .noinit)


Finished building: sizedummy
 
Invoking: AVRDude
C:\WinAVR-20100110\bin\avrdude -pm32 -cusbasp -Uflash:w:revised_led.hex:a

avrdude: warning: cannot set sck period. please check for usbasp firmware update.
avrdude: AVR device initialized and ready to accept instructions

Reading | ################################################## | 100% 0.01s

avrdude: Device signature = 0x1e9502
avrdude: NOTE: FLASH memory has been specified, an erase cycle will be performed
         To disable this feature, specify the -D option.
avrdude: erasing chip
avrdude: warning: cannot set sck period. please check for usbasp firmware update.
avrdude: reading input file "revised_led.hex"
avrdude: input file revised_led.hex auto detected as Intel Hex
avrdude: writing flash (4382 bytes):

Writing | ################################################## | 100% 2.67s

avrdude: 4382 bytes of flash written
avrdude: verifying flash memory against revised_led.hex:
avrdude: load data flash data from input file revised_led.hex:
avrdude: input file revised_led.hex auto detected as Intel Hex
avrdude: input file revised_led.hex contains 4382 bytes
avrdude: reading on-chip flash data:

Reading | ################################################## | 100% 2.24s

avrdude: verifying ...
avrdude: 4382 bytes of flash verified

avrdude done.  Thank you.

Finished building: avrdudedummy
 

23:57:58 Build Finished (took 6s.7ms)

