13:32:15 **** Incremental Build of configuration Debug for project servo ****
make all 
Building file: ../main.c
Invoking: AVR Compiler
avr-gcc -Wall -g2 -gstabs -O0 -fpack-struct -fshort-enums -ffunction-sections -fdata-sections -std=gnu99 -funsigned-char -funsigned-bitfields -mmcu=atmega32 -DF_CPU=8000000UL -MMD -MP -MF"main.d" -MT"main.o" -c -o "main.o" "../main.c"
In file included from ../main.c:11:
c:/winavr-20100110/lib/gcc/../../avr/include/util/delay.h:90:3: warning: #warning "Compiler optimizations disabled; functions from <util/delay.h> won't work as designed"
In file included from ../main.c:12:
c:/winavr-20100110/lib/gcc/../../avr/include/avr/delay.h:36:2: warning: #warning "This file has been moved to <util/delay.h>."
Finished building: ../main.c
 
Building target: servo.elf
Invoking: AVR C Linker
avr-gcc -Wl,-Map,servo.map -mmcu=atmega32 -o "servo.elf"  ./Dio.o ./main.o   
Finished building target: servo.elf
 
Invoking: AVR Create Extended Listing
avr-objdump -h -S servo.elf  >"servo.lss"
Finished building: servo.lss
 
Create Flash image (ihex format)
avr-objcopy -R .eeprom -R .fuse -R .lock -R .signature -O ihex servo.elf  "servo.hex"
Finished building: servo.hex
 
Invoking: Print Size
avr-size --format=avr --mcu=atmega32 servo.elf
AVR Memory Usage
----------------
Device: atmega32

Program:    7512 bytes (22.9% Full)
(.text + .data + .bootloader)

Data:          8 bytes (0.4% Full)
(.data + .bss + .noinit)


Finished building: sizedummy
 
Invoking: AVRDude
C:\WinAVR-20100110\bin\avrdude -pm32 -cusbasp -Uflash:w:servo.hex:a

avrdude: warning: cannot set sck period. please check for usbasp firmware update.
avrdude: AVR device initialized and ready to accept instructions

Reading | ################################################## | 100% 0.00s

avrdude: Device signature = 0x1e9502
avrdude: NOTE: FLASH memory has been specified, an erase cycle will be performed
         To disable this feature, specify the -D option.
avrdude: erasing chip
avrdude: warning: cannot set sck period. please check for usbasp firmware update.
avrdude: reading input file "servo.hex"
avrdude: input file servo.hex auto detected as Intel Hex
avrdude: writing flash (7512 bytes):

Writing | ################################################## | 100% 5.01s

avrdude: 7512 bytes of flash written
avrdude: verifying flash memory against servo.hex:
avrdude: load data flash data from input file servo.hex:
avrdude: input file servo.hex auto detected as Intel Hex
avrdude: input file servo.hex contains 7512 bytes
avrdude: reading on-chip flash data:

Reading | ################################################## | 100% 4.43s

avrdude: verifying ...
avrdude: 7512 bytes of flash verified

avrdude done.  Thank you.

Finished building: avrdudedummy
 

13:32:26 Build Finished (took 10s.673ms)

