05:36:14 **** Incremental Build of configuration Debug for project Seven_Segment_driver ****
make all 
Invoking: Print Size
avr-size --format=avr --mcu=atmega32 Seven_Segment_driver.elf
AVR Memory Usage
----------------
Device: atmega32

Program:    5038 bytes (15.4% Full)
(.text + .data + .bootloader)

Data:         18 bytes (0.9% Full)
(.data + .bss + .noinit)


Finished building: sizedummy
 
Invoking: AVRDude
C:\WinAVR-20100110\bin\avrdude -pm32 -cusbasp -Uflash:w:Seven_Segment_driver.hex:a

avrdude: warning: cannot set sck period. please check for usbasp firmware update.
avrdude: AVR device initialized and ready to accept instructions

Reading | ################################################## | 100% 0.02s

avrdude: Device signature = 0x1e9502
avrdude: NOTE: FLASH memory has been specified, an erase cycle will be performed
         To disable this feature, specify the -D option.
avrdude: erasing chip
avrdude: warning: cannot set sck period. please check for usbasp firmware update.
avrdude: reading input file "Seven_Segment_driver.hex"
avrdude: input file Seven_Segment_driver.hex auto detected as Intel Hex
avrdude: writing flash (5038 bytes):

Writing | ################################################## | 100% 3.34s

avrdude: 5038 bytes of flash written
avrdude: verifying flash memory against Seven_Segment_driver.hex:
avrdude: load data flash data from input file Seven_Segment_driver.hex:
avrdude: input file Seven_Segment_driver.hex auto detected as Intel Hex
avrdude: input file Seven_Segment_driver.hex contains 5038 bytes
avrdude: reading on-chip flash data:

Reading | ################################################## | 100% 2.81s

avrdude: verifying ...
avrdude: 5038 bytes of flash verified

avrdude done.  Thank you.

Finished building: avrdudedummy
 

05:36:21 Build Finished (took 6s.895ms)

