14:12:57 **** Incremental Build of configuration Debug for project SPI_Driver ****
make all 
Building file: ../Main.c
Invoking: AVR Compiler
avr-gcc -Wall -g2 -gstabs -O0 -fpack-struct -fshort-enums -ffunction-sections -fdata-sections -std=gnu99 -funsigned-char -funsigned-bitfields -mmcu=atmega32 -DF_CPU=8000000UL -MMD -MP -MF"Main.d" -MT"Main.o" -c -o "Main.o" "../Main.c"
In file included from ../Main.c:11:
c:/winavr-20100110/lib/gcc/../../avr/include/util/delay.h:90:3: warning: #warning "Compiler optimizations disabled; functions from <util/delay.h> won't work as designed"
In file included from ../Main.c:14:
c:/winavr-20100110/lib/gcc/../../avr/include/avr/delay.h:36:2: warning: #warning "This file has been moved to <util/delay.h>."
Finished building: ../Main.c
 
Building target: SPI_Driver.elf
Invoking: AVR C Linker
avr-gcc -Wl,-Map,SPI_Driver.map -mmcu=atmega32 -o "SPI_Driver.elf"  ./Dio.o ./Main.o ./SPI_pro.o   
Finished building target: SPI_Driver.elf
 
Invoking: AVR Create Extended Listing
avr-objdump -h -S SPI_Driver.elf  >"SPI_Driver.lss"
Finished building: SPI_Driver.lss
 
Create Flash image (ihex format)
avr-objcopy -R .eeprom -R .fuse -R .lock -R .signature -O ihex SPI_Driver.elf  "SPI_Driver.hex"
Finished building: SPI_Driver.hex
 
Invoking: Print Size
avr-size --format=avr --mcu=atmega32 SPI_Driver.elf
AVR Memory Usage
----------------
Device: atmega32

Program:    2268 bytes (6.9% Full)
(.text + .data + .bootloader)

Data:          0 bytes (0.0% Full)
(.data + .bss + .noinit)


Finished building: sizedummy
 
Invoking: AVRDude
C:\WinAVR-20100110\bin\avrdude -pm32 -cusbasp -Uflash:w:SPI_Driver.hex:a

avrdude: warning: cannot set sck period. please check for usbasp firmware update.
avrdude: AVR device initialized and ready to accept instructions

Reading | ################################################## | 100% 0.00s

avrdude: Device signature = 0x1e9502
avrdude: NOTE: FLASH memory has been specified, an erase cycle will be performed
         To disable this feature, specify the -D option.
avrdude: erasing chip
avrdude: warning: cannot set sck period. please check for usbasp firmware update.
avrdude: reading input file "SPI_Driver.hex"
avrdude: input file SPI_Driver.hex auto detected as Intel Hex
avrdude: writing flash (2268 bytes):

Writing | ################################################## | 100% 1.53s

avrdude: 2268 bytes of flash written
avrdude: verifying flash memory against SPI_Driver.hex:
avrdude: load data flash data from input file SPI_Driver.hex:
avrdude: input file SPI_Driver.hex auto detected as Intel Hex
avrdude: input file SPI_Driver.hex contains 2268 bytes
avrdude: reading on-chip flash data:

Reading | ################################################## | 100% 1.28s

avrdude: verifying ...
avrdude: 2268 bytes of flash verified

avrdude done.  Thank you.

Finished building: avrdudedummy
 

14:13:01 Build Finished (took 4s.63ms)

