13:20:16 **** Incremental Build of configuration Debug for project Tooling ****
make all 
Building file: ../main.c
Invoking: AVR Compiler
avr-gcc -Wall -g2 -gstabs -O0 -fpack-struct -fshort-enums -ffunction-sections -fdata-sections -std=gnu99 -funsigned-char -funsigned-bitfields -mmcu=atmega32 -DF_CPU=8000000UL -MMD -MP -MF"main.d" -MT"main.o" -c -o "main.o" "../main.c"
Finished building: ../main.c
 
Building target: Tooling.elf
Invoking: AVR C Linker
avr-gcc -Wl,-Map,Tooling.map -mmcu=atmega32 -o "Tooling.elf"  ./main.o   
Finished building target: Tooling.elf
 
Invoking: AVR Create Extended Listing
avr-objdump -h -S Tooling.elf  >"Tooling.lss"
Finished building: Tooling.lss
 
Create Flash image (ihex format)
avr-objcopy -R .eeprom -R .fuse -R .lock -R .signature -O ihex Tooling.elf  "Tooling.hex"
Finished building: Tooling.hex
 
Invoking: Print Size
avr-size --format=avr --mcu=atmega32 Tooling.elf
AVR Memory Usage
----------------
Device: atmega32

Program:     186 bytes (0.6% Full)
(.text + .data + .bootloader)

Data:          2 bytes (0.1% Full)
(.data + .bss + .noinit)


Finished building: sizedummy
 
Invoking: AVRDude
C:\WinAVR-20100110\bin\avrdude -pm32 -cusbasp -Uflash:w:Tooling.hex:a
avrdude: error: could not find USB device "USBasp" with vid=0x16c0 pid=0x5dc
make: *** [avrdudedummy] Error 1

13:20:17 Build Finished (took 1s.29ms)

